<?xml version="1.0" encoding="UTF-8"?>
<!-- Generated by org.testng.reporters.JUnitReportReporter -->
<testsuite hostname="LAPTOP-S7EFOJ0I" failures="0" tests="3" name="com.class01.TaskTwo" time="0.011" errors="0" timestamp="2020-05-26T20:05:49 EDT" skipped="0">
  <testcase classname="com.class01.TaskTwo" name="test1" time="0.006"/>
  <system-out/>
  <testcase classname="com.class01.TaskTwo" name="test3" time="0.003"/>
  <system-out/>
  <testcase classname="com.class01.TaskTwo" name="test2" time="0.002"/>
  <system-out/>
</testsuite> <!-- com.class01.TaskTwo -->
