<?xml version="1.0" encoding="UTF-8"?>
<!-- Generated by org.testng.reporters.JUnitReportReporter -->
<testsuite hostname="LAPTOP-S7EFOJ0I" failures="0" tests="1" name="com.class01.DifferentAnnotations" time="0.001" errors="0" timestamp="2020-05-26T20:05:49 EDT" skipped="0">
  <testcase classname="com.class01.DifferentAnnotations" name="test" time="0.001"/>
  <system-out/>
</testsuite> <!-- com.class01.DifferentAnnotations -->
