<?xml version="1.0" encoding="UTF-8"?>
<!-- Generated by org.testng.reporters.JUnitReportReporter -->
<testsuite hostname="LAPTOP-S7EFOJ0I" failures="0" tests="1" name="com.class03.HomeWork" time="0.000" errors="0" timestamp="2020-05-27T19:56:14 EDT" skipped="1">
  <testcase classname="com.class03.HomeWork" name="test" time="0.000">
    <skipped/>
  </testcase> <!-- test -->
  <system-out/>
</testsuite> <!-- com.class03.HomeWork -->
