<?xml version="1.0" encoding="UTF-8"?>
<!-- Generated by org.testng.reporters.JUnitReportReporter -->
<testsuite hostname="LAPTOP-S7EFOJ0I" failures="0" tests="3" name="com.class01.TestNGDemo" time="0.030" errors="0" timestamp="2020-05-26T20:06:25 EDT" skipped="0">
  <testcase classname="com.class01.TestNGDemo" name="testOne" time="0.026"/>
  <system-out/>
  <testcase classname="com.class01.TestNGDemo" name="testThree" time="0.002"/>
  <system-out/>
  <testcase classname="com.class01.TestNGDemo" name="testTwo" time="0.002"/>
  <system-out/>
</testsuite> <!-- com.class01.TestNGDemo -->
