<?xml version="1.0" encoding="UTF-8"?>
<!-- Generated by org.testng.reporters.JUnitReportReporter -->
<testsuite hostname="LAPTOP-S7EFOJ0I" failures="0" tests="5" name="com.class02.Task" time="0.014" errors="0" timestamp="2020-05-20T22:03:53 EDT" skipped="0">
  <testcase classname="com.class02.Task" name="firstMethod1" time="0.010"/>
  <system-out/>
  <testcase classname="com.class02.Task" name="fourthMethod" time="0.001"/>
  <system-out/>
  <testcase classname="com.class02.Task" name="thirdMethod" time="0.001"/>
  <system-out/>
  <testcase classname="com.class02.Task" name="secondMethod" time="0.001"/>
  <system-out/>
  <testcase classname="com.class02.Task" name="firstMethod" time="0.001"/>
  <system-out/>
</testsuite> <!-- com.class02.Task -->
